<?xml version="1.0" encoding="UTF-8"?>
<testng-results ignored="2" total="3" passed="0" failed="1" skipped="0">
  <reporter-output>
  </reporter-output>
  <suite started-at="2022-01-29T15:21:22 CET" name="Default suite" finished-at="2022-01-29T15:21:30 CET" duration-ms="7898">
    <groups>
    </groups>
    <test started-at="2022-01-29T15:21:22 CET" name="Default test" finished-at="2022-01-29T15:21:30 CET" duration-ms="7898">
      <class name="stepDefinitions.stepDefinition_Login_FE">
        <test-method is-config="true" signature="user_is_on_fe_login_page()[pri:0, instance:stepDefinitions.stepDefinition_Login_FE@4d465b11]" started-at="2022-01-29T15:21:22 CET" name="user_is_on_fe_login_page" finished-at="2022-01-29T15:21:29 CET" duration-ms="7107" status="PASS">
          <reporter-output>
          </reporter-output>
        </test-method> <!-- user_is_on_fe_login_page -->
        <test-method signature="entered_username_is_displayed(java.lang.String)[pri:0, instance:stepDefinitions.stepDefinition_Login_FE@4d465b11]" started-at="2022-01-29T15:21:29 CET" name="entered_username_is_displayed" finished-at="2022-01-29T15:21:29 CET" duration-ms="0" status="FAIL">
          <exception class="org.testng.TestNGException">
            <message>
              <![CDATA[
Cannot inject @Test annotated Method [entered_username_is_displayed] with [class java.lang.String].
For more information on native dependency injection please refer to https://testng.org/doc/documentation-main.html#native-dependency-injection]]>
            </message>
            <full-stacktrace>
              <![CDATA[org.testng.TestNGException: 
Cannot inject @Test annotated Method [entered_username_is_displayed] with [class java.lang.String].
For more information on native dependency injection please refer to https://testng.org/doc/documentation-main.html#native-dependency-injection
at org.testng.internal.Parameters.checkParameterTypes(Parameters.java:439)
at org.testng.internal.Parameters.createParametersForMethod(Parameters.java:353)
at org.testng.internal.Parameters.createParameters(Parameters.java:708)
at org.testng.internal.Parameters.handleParameters(Parameters.java:884)
at org.testng.internal.Parameters.handleParameters(Parameters.java:740)
at org.testng.internal.ParameterHandler.handleParameters(ParameterHandler.java:59)
at org.testng.internal.ParameterHandler.createParameters(ParameterHandler.java:38)
at org.testng.internal.TestInvoker$MethodInvocationAgent.invoke(TestInvoker.java:791)
at org.testng.internal.TestInvoker.invokeTestMethods(TestInvoker.java:146)
at org.testng.internal.TestMethodWorker.invokeTestMethods(TestMethodWorker.java:146)
at org.testng.internal.TestMethodWorker.run(TestMethodWorker.java:128)
at java.base/java.util.ArrayList.forEach(ArrayList.java:1511)
at org.testng.TestRunner.privateRun(TestRunner.java:794)
at org.testng.TestRunner.run(TestRunner.java:596)
at org.testng.SuiteRunner.runTest(SuiteRunner.java:377)
at org.testng.SuiteRunner.runSequentially(SuiteRunner.java:371)
at org.testng.SuiteRunner.privateRun(SuiteRunner.java:332)
at org.testng.SuiteRunner.run(SuiteRunner.java:276)
at org.testng.SuiteRunnerWorker.runSuite(SuiteRunnerWorker.java:53)
at org.testng.SuiteRunnerWorker.run(SuiteRunnerWorker.java:96)
at org.testng.TestNG.runSuitesSequentially(TestNG.java:1212)
at org.testng.TestNG.runSuitesLocally(TestNG.java:1134)
at org.testng.TestNG.runSuites(TestNG.java:1063)
at org.testng.TestNG.run(TestNG.java:1031)
at org.testng.remote.AbstractRemoteTestNG.run(AbstractRemoteTestNG.java:115)
at org.testng.remote.RemoteTestNG.initAndRun(RemoteTestNG.java:251)
at org.testng.remote.RemoteTestNG.main(RemoteTestNG.java:77)
]]>
            </full-stacktrace>
          </exception> <!-- org.testng.TestNGException -->
          <reporter-output>
          </reporter-output>
        </test-method> <!-- entered_username_is_displayed -->
        <test-method is-config="true" signature="close_browser_after_test_was_executed()[pri:0, instance:stepDefinitions.stepDefinition_Login_FE@4d465b11]" started-at="2022-01-29T15:21:29 CET" name="close_browser_after_test_was_executed" finished-at="2022-01-29T15:21:30 CET" duration-ms="723" status="PASS">
          <reporter-output>
          </reporter-output>
        </test-method> <!-- close_browser_after_test_was_executed -->
      </class> <!-- stepDefinitions.stepDefinition_Login_FE -->
    </test> <!-- Default test -->
  </suite> <!-- Default suite -->
</testng-results>
